<?xml version="1.0" encoding="UTF-8"?>
<testng-results skipped="0" failed="0" ignored="0" total="1" passed="1">
  <reporter-output>
  </reporter-output>
  <suite name="Default suite" duration-ms="4535" started-at="2021-06-27T06:56:49 EDT" finished-at="2021-06-27T06:56:54 EDT">
    <groups>
    </groups>
    <test name="Default test" duration-ms="4535" started-at="2021-06-27T06:56:49 EDT" finished-at="2021-06-27T06:56:54 EDT">
      <class name="singletonClassTest.PageTest">
        <test-method status="PASS" signature="setUp()[pri:0, instance:singletonClassTest.PageTest@23faf8f2]" name="setUp" is-config="true" duration-ms="2513" started-at="2021-06-27T06:56:50 EDT" finished-at="2021-06-27T06:56:52 EDT">
          <reporter-output>
          </reporter-output>
        </test-method> <!-- setUp -->
        <test-method status="PASS" signature="testMethod()[pri:0, instance:singletonClassTest.PageTest@23faf8f2]" name="testMethod" duration-ms="1870" started-at="2021-06-27T06:56:52 EDT" finished-at="2021-06-27T06:56:54 EDT">
          <reporter-output>
          </reporter-output>
        </test-method> <!-- testMethod -->
        <test-method status="PASS" signature="tearDown()[pri:0, instance:singletonClassTest.PageTest@23faf8f2]" name="tearDown" is-config="true" duration-ms="124" started-at="2021-06-27T06:56:54 EDT" finished-at="2021-06-27T06:56:54 EDT">
          <reporter-output>
          </reporter-output>
        </test-method> <!-- tearDown -->
      </class> <!-- singletonClassTest.PageTest -->
    </test> <!-- Default test -->
  </suite> <!-- Default suite -->
</testng-results>
